The target system is: Android - 1 - armv7-a
The host system is: Linux - 3.13.0-32-generic - x86_64
Determining if the C compiler works passed with the following output:
Change Dir: /home/zhongjihao/workspace/AVMediaCodecMP4/app/.externalNativeBuild/cmake/release/armeabi-v7a/CMakeFiles/CMakeTmp

Run Build Command:"/home/zhongjihao/android-sdk-linux/Sdk/cmake/3.6.4111459/bin/ninja" "cmTC_2b96a"
[1/2] Building C object CMakeFiles/cmTC_2b96a.dir/testCCompiler.c.o
[2/2] Linking C executable cmTC_2b96a


Detecting C compiler ABI info compiled with the following output:
Change Dir: /home/zhongjihao/workspace/AVMediaCodecMP4/app/.externalNativeBuild/cmake/release/armeabi-v7a/CMakeFiles/CMakeTmp

Run Build Command:"/home/zhongjihao/android-sdk-linux/Sdk/cmake/3.6.4111459/bin/ninja" "cmTC_be187"
[1/2] Building C object CMakeFiles/cmTC_be187.dir/CMakeCCompilerABI.c.o
[2/2] Linking C executable cmTC_be187
Android clang version 5.0.300080  (based on LLVM 5.0.300080)
Target: armv7-none-linux-android
Thread model: posix
InstalledDir: /home/zhongjihao/android-sdk-linux/Sdk/ndk-bundle/toolchains/llvm/prebuilt/linux-x86_64/bin
Found candidate GCC installation: /home/zhongjihao/android-sdk-linux/Sdk/ndk-bundle/toolchains/arm-linux-androideabi-4.9/prebuilt/linux-x86_64/lib/gcc/arm-linux-androideabi/4.9.x
Selected GCC installation: /home/zhongjihao/android-sdk-linux/Sdk/ndk-bundle/toolchains/arm-linux-androideabi-4.9/prebuilt/linux-x86_64/lib/gcc/arm-linux-androideabi/4.9.x
Candidate multilib: thumb;@thumb
Candidate multilib: armv7-a;@armv7
Candidate multilib: armv7-a/thumb;@armv7@thumb
Candidate multilib: .;
Selected multilib: armv7-a/thumb;@armv7@thumb
 "/home/zhongjihao/android-sdk-linux/Sdk/ndk-bundle/toolchains/arm-linux-androideabi-4.9/prebuilt/linux-x86_64/lib/gcc/arm-linux-androideabi/4.9.x/../../../../arm-linux-androideabi/bin/ld" --sysroot=/home/zhongjihao/android-sdk-linux/Sdk/ndk-bundle/platforms/android-18/arch-arm -pie -z relro -X --eh-frame-hdr -m armelf_linux_eabi -dynamic-linker /system/bin/linker -o cmTC_be187 /home/zhongjihao/android-sdk-linux/Sdk/ndk-bundle/platforms/android-18/arch-arm/usr/lib/../lib/crtbegin_dynamic.o -L/home/zhongjihao/android-sdk-linux/Sdk/ndk-bundle/toolchains/llvm/prebuilt/linux-x86_64/lib64/clang/5.0.300080/lib/linux/arm -L/home/zhongjihao/android-sdk-linux/Sdk/ndk-bundle/toolchains/arm-linux-androideabi-4.9/prebuilt/linux-x86_64/lib/gcc/arm-linux-androideabi/4.9.x/armv7-a/thumb -L/home/zhongjihao/android-sdk-linux/Sdk/ndk-bundle/toolchains/arm-linux-androideabi-4.9/prebuilt/linux-x86_64/lib/gcc/arm-linux-androideabi/4.9.x/../../../../arm-linux-androideabi/lib/../lib/armv7-a/thumb -L/home/zhongjihao/android-sdk-linux/Sdk/ndk-bundle/platforms/android-18/arch-arm/usr/lib/../lib -L/home/zhongjihao/android-sdk-linux/Sdk/ndk-bundle/toolchains/arm-linux-androideabi-4.9/prebuilt/linux-x86_64/lib/gcc/arm-linux-androideabi/4.9.x/../../../../arm-linux-androideabi/lib/armv7-a/thumb -L/home/zhongjihao/android-sdk-linux/Sdk/ndk-bundle/platforms/android-18/arch-arm/usr/lib --exclude-libs libgcc.a --exclude-libs libatomic.a --build-id --warn-shared-textrel --fatal-warnings --fix-cortex-a8 --no-undefined -z noexecstack -z relro -z now --gc-sections -z nocopyreloc CMakeFiles/cmTC_be187.dir/CMakeCCompilerABI.c.o -lgcc -ldl -lc -lgcc -ldl /home/zhongjihao/android-sdk-linux/Sdk/ndk-bundle/platforms/android-18/arch-arm/usr/lib/../lib/crtend_android.o


Parsed C implicit link information from above output:
  link line regex: [^( *|.*[/\])(arm-linux-androideabi-ld|([^/\]+-)?ld|collect2)[^/\]*( |$)]
  ignore line: [Change Dir: /home/zhongjihao/workspace/AVMediaCodecMP4/app/.externalNativeBuild/cmake/release/armeabi-v7a/CMakeFiles/CMakeTmp]
  ignore line: []
  ignore line: [Run Build Command:"/home/zhongjihao/android-sdk-linux/Sdk/cmake/3.6.4111459/bin/ninja" "cmTC_be187"]
  ignore line: [[1/2] Building C object CMakeFiles/cmTC_be187.dir/CMakeCCompilerABI.c.o]
  ignore line: [[2/2] Linking C executable cmTC_be187]
  ignore line: [Android clang version 5.0.300080  (based on LLVM 5.0.300080)]
  ignore line: [Target: armv7-none-linux-android]
  ignore line: [Thread model: posix]
  ignore line: [InstalledDir: /home/zhongjihao/android-sdk-linux/Sdk/ndk-bundle/toolchains/llvm/prebuilt/linux-x86_64/bin]
  ignore line: [Found candidate GCC installation: /home/zhongjihao/android-sdk-linux/Sdk/ndk-bundle/toolchains/arm-linux-androideabi-4.9/prebuilt/linux-x86_64/lib/gcc/arm-linux-androideabi/4.9.x]
  ignore line: [Selected GCC installation: /home/zhongjihao/android-sdk-linux/Sdk/ndk-bundle/toolchains/arm-linux-androideabi-4.9/prebuilt/linux-x86_64/lib/gcc/arm-linux-androideabi/4.9.x]
  ignore line: [Candidate multilib: thumb]
  ignore line: [@thumb]
  ignore line: [Candidate multilib: armv7-a]
  ignore line: [@armv7]
  ignore line: [Candidate multilib: armv7-a/thumb]
  ignore line: [@armv7@thumb]
  ignore line: [Candidate multilib: .]
  ignore line: []
  ignore line: [Selected multilib: armv7-a/thumb]
  ignore line: [@armv7@thumb]
  link line: [ "/home/zhongjihao/android-sdk-linux/Sdk/ndk-bundle/toolchains/arm-linux-androideabi-4.9/prebuilt/linux-x86_64/lib/gcc/arm-linux-androideabi/4.9.x/../../../../arm-linux-androideabi/bin/ld" --sysroot=/home/zhongjihao/android-sdk-linux/Sdk/ndk-bundle/platforms/android-18/arch-arm -pie -z relro -X --eh-frame-hdr -m armelf_linux_eabi -dynamic-linker /system/bin/linker -o cmTC_be187 /home/zhongjihao/android-sdk-linux/Sdk/ndk-bundle/platforms/android-18/arch-arm/usr/lib/../lib/crtbegin_dynamic.o -L/home/zhongjihao/android-sdk-linux/Sdk/ndk-bundle/toolchains/llvm/prebuilt/linux-x86_64/lib64/clang/5.0.300080/lib/linux/arm -L/home/zhongjihao/android-sdk-linux/Sdk/ndk-bundle/toolchains/arm-linux-androideabi-4.9/prebuilt/linux-x86_64/lib/gcc/arm-linux-androideabi/4.9.x/armv7-a/thumb -L/home/zhongjihao/android-sdk-linux/Sdk/ndk-bundle/toolchains/arm-linux-androideabi-4.9/prebuilt/linux-x86_64/lib/gcc/arm-linux-androideabi/4.9.x/../../../../arm-linux-androideabi/lib/../lib/armv7-a/thumb -L/home/zhongjihao/android-sdk-linux/Sdk/ndk-bundle/platforms/android-18/arch-arm/usr/lib/../lib -L/home/zhongjihao/android-sdk-linux/Sdk/ndk-bundle/toolchains/arm-linux-androideabi-4.9/prebuilt/linux-x86_64/lib/gcc/arm-linux-androideabi/4.9.x/../../../../arm-linux-androideabi/lib/armv7-a/thumb -L/home/zhongjihao/android-sdk-linux/Sdk/ndk-bundle/platforms/android-18/arch-arm/usr/lib --exclude-libs libgcc.a --exclude-libs libatomic.a --build-id --warn-shared-textrel --fatal-warnings --fix-cortex-a8 --no-undefined -z noexecstack -z relro -z now --gc-sections -z nocopyreloc CMakeFiles/cmTC_be187.dir/CMakeCCompilerABI.c.o -lgcc -ldl -lc -lgcc -ldl /home/zhongjihao/android-sdk-linux/Sdk/ndk-bundle/platforms/android-18/arch-arm/usr/lib/../lib/crtend_android.o]
    arg [/home/zhongjihao/android-sdk-linux/Sdk/ndk-bundle/toolchains/arm-linux-androideabi-4.9/prebuilt/linux-x86_64/lib/gcc/arm-linux-androideabi/4.9.x/../../../../arm-linux-androideabi/bin/ld] ==> ignore
    arg [--sysroot=/home/zhongjihao/android-sdk-linux/Sdk/ndk-bundle/platforms/android-18/arch-arm] ==> ignore
    arg [-pie] ==> ignore
    arg [-zrelro] ==> ignore
    arg [-X] ==> ignore
    arg [--eh-frame-hdr] ==> ignore
    arg [-m] ==> ignore
    arg [armelf_linux_eabi] ==> ignore
    arg [-dynamic-linker] ==> ignore
    arg [/system/bin/linker] ==> ignore
    arg [-o] ==> ignore
    arg [cmTC_be187] ==> ignore
    arg [/home/zhongjihao/android-sdk-linux/Sdk/ndk-bundle/platforms/android-18/arch-arm/usr/lib/../lib/crtbegin_dynamic.o] ==> ignore
    arg [-L/home/zhongjihao/android-sdk-linux/Sdk/ndk-bundle/toolchains/llvm/prebuilt/linux-x86_64/lib64/clang/5.0.300080/lib/linux/arm] ==> dir [/home/zhongjihao/android-sdk-linux/Sdk/ndk-bundle/toolchains/llvm/prebuilt/linux-x86_64/lib64/clang/5.0.300080/lib/linux/arm]
    arg [-L/home/zhongjihao/android-sdk-linux/Sdk/ndk-bundle/toolchains/arm-linux-androideabi-4.9/prebuilt/linux-x86_64/lib/gcc/arm-linux-androideabi/4.9.x/armv7-a/thumb] ==> dir [/home/zhongjihao/android-sdk-linux/Sdk/ndk-bundle/toolchains/arm-linux-androideabi-4.9/prebuilt/linux-x86_64/lib/gcc/arm-linux-androideabi/4.9.x/armv7-a/thumb]
    arg [-L/home/zhongjihao/android-sdk-linux/Sdk/ndk-bundle/toolchains/arm-linux-androideabi-4.9/prebuilt/linux-x86_64/lib/gcc/arm-linux-androideabi/4.9.x/../../../../arm-linux-androideabi/lib/../lib/armv7-a/thumb] ==> dir [/home/zhongjihao/android-sdk-linux/Sdk/ndk-bundle/toolchains/arm-linux-androideabi-4.9/prebuilt/linux-x86_64/lib/gcc/arm-linux-androideabi/4.9.x/../../../../arm-linux-androideabi/lib/../lib/armv7-a/thumb]
    arg [-L/home/zhongjihao/android-sdk-linux/Sdk/ndk-bundle/platforms/android-18/arch-arm/usr/lib/../lib] ==> dir [/home/zhongjihao/android-sdk-linux/Sdk/ndk-bundle/platforms/android-18/arch-arm/usr/lib/../lib]
    arg [-L/home/zhongjihao/android-sdk-linux/Sdk/ndk-bundle/toolchains/arm-linux-androideabi-4.9/prebuilt/linux-x86_64/lib/gcc/arm-linux-androideabi/4.9.x/../../../../arm-linux-androideabi/lib/armv7-a/thumb] ==> dir [/home/zhongjihao/android-sdk-linux/Sdk/ndk-bundle/toolchains/arm-linux-androideabi-4.9/prebuilt/linux-x86_64/lib/gcc/arm-linux-androideabi/4.9.x/../../../../arm-linux-androideabi/lib/armv7-a/thumb]
    arg [-L/home/zhongjihao/android-sdk-linux/Sdk/ndk-bundle/platforms/android-18/arch-arm/usr/lib] ==> dir [/home/zhongjihao/android-sdk-linux/Sdk/ndk-bundle/platforms/android-18/arch-arm/usr/lib]
    arg [--exclude-libs] ==> ignore
    arg [libgcc.a] ==> ignore
    arg [--exclude-libs] ==> ignore
    arg [libatomic.a] ==> ignore
    arg [--build-id] ==> ignore
    arg [--warn-shared-textrel] ==> ignore
    arg [--fatal-warnings] ==> ignore
    arg [--fix-cortex-a8] ==> ignore
    arg [--no-undefined] ==> ignore
    arg [-znoexecstack] ==> ignore
    arg [-zrelro] ==> ignore
    arg [-znow] ==> ignore
    arg [--gc-sections] ==> ignore
    arg [-znocopyreloc] ==> ignore
    arg [CMakeFiles/cmTC_be187.dir/CMakeCCompilerABI.c.o] ==> ignore
    arg [-lgcc] ==> lib [gcc]
    arg [-ldl] ==> lib [dl]
    arg [-lc] ==> lib [c]
    arg [-lgcc] ==> lib [gcc]
    arg [-ldl] ==> lib [dl]
    arg [/home/zhongjihao/android-sdk-linux/Sdk/ndk-bundle/platforms/android-18/arch-arm/usr/lib/../lib/crtend_android.o] ==> ignore
  remove lib [gcc]
  remove lib [gcc]
  collapse library dir [/home/zhongjihao/android-sdk-linux/Sdk/ndk-bundle/toolchains/llvm/prebuilt/linux-x86_64/lib64/clang/5.0.300080/lib/linux/arm] ==> [/home/zhongjihao/android-sdk-linux/Sdk/ndk-bundle/toolchains/llvm/prebuilt/linux-x86_64/lib64/clang/5.0.300080/lib/linux/arm]
  collapse library dir [/home/zhongjihao/android-sdk-linux/Sdk/ndk-bundle/toolchains/arm-linux-androideabi-4.9/prebuilt/linux-x86_64/lib/gcc/arm-linux-androideabi/4.9.x/armv7-a/thumb] ==> [/home/zhongjihao/android-sdk-linux/Sdk/ndk-bundle/toolchains/arm-linux-androideabi-4.9/prebuilt/linux-x86_64/lib/gcc/arm-linux-androideabi/4.9.x/armv7-a/thumb]
  collapse library dir [/home/zhongjihao/android-sdk-linux/Sdk/ndk-bundle/toolchains/arm-linux-androideabi-4.9/prebuilt/linux-x86_64/lib/gcc/arm-linux-androideabi/4.9.x/../../../../arm-linux-androideabi/lib/../lib/armv7-a/thumb] ==> [/home/zhongjihao/android-sdk-linux/Sdk/ndk-bundle/toolchains/arm-linux-androideabi-4.9/prebuilt/linux-x86_64/arm-linux-androideabi/lib/armv7-a/thumb]
  collapse library dir [/home/zhongjihao/android-sdk-linux/Sdk/ndk-bundle/platforms/android-18/arch-arm/usr/lib/../lib] ==> [/home/zhongjihao/android-sdk-linux/Sdk/ndk-bundle/platforms/android-18/arch-arm/usr/lib]
  collapse library dir [/home/zhongjihao/android-sdk-linux/Sdk/ndk-bundle/toolchains/arm-linux-androideabi-4.9/prebuilt/linux-x86_64/lib/gcc/arm-linux-androideabi/4.9.x/../../../../arm-linux-androideabi/lib/armv7-a/thumb] ==> [/home/zhongjihao/android-sdk-linux/Sdk/ndk-bundle/toolchains/arm-linux-androideabi-4.9/prebuilt/linux-x86_64/arm-linux-androideabi/lib/armv7-a/thumb]
  collapse library dir [/home/zhongjihao/android-sdk-linux/Sdk/ndk-bundle/platforms/android-18/arch-arm/usr/lib] ==> [/home/zhongjihao/android-sdk-linux/Sdk/ndk-bundle/platforms/android-18/arch-arm/usr/lib]
  implicit libs: [dl;c;dl]
  implicit dirs: [/home/zhongjihao/android-sdk-linux/Sdk/ndk-bundle/toolchains/llvm/prebuilt/linux-x86_64/lib64/clang/5.0.300080/lib/linux/arm;/home/zhongjihao/android-sdk-linux/Sdk/ndk-bundle/toolchains/arm-linux-androideabi-4.9/prebuilt/linux-x86_64/lib/gcc/arm-linux-androideabi/4.9.x/armv7-a/thumb;/home/zhongjihao/android-sdk-linux/Sdk/ndk-bundle/toolchains/arm-linux-androideabi-4.9/prebuilt/linux-x86_64/arm-linux-androideabi/lib/armv7-a/thumb;/home/zhongjihao/android-sdk-linux/Sdk/ndk-bundle/platforms/android-18/arch-arm/usr/lib]
  implicit fwks: []




Detecting C [-std=c11] compiler features compiled with the following output:
Change Dir: /home/zhongjihao/workspace/AVMediaCodecMP4/app/.externalNativeBuild/cmake/release/armeabi-v7a/CMakeFiles/CMakeTmp

Run Build Command:"/home/zhongjihao/android-sdk-linux/Sdk/cmake/3.6.4111459/bin/ninja" "cmTC_7d31c"
[1/2] Building C object CMakeFiles/cmTC_7d31c.dir/feature_tests.c.o
[2/2] Linking C executable cmTC_7d31c


    Feature record: C_FEATURE:1c_function_prototypes
    Feature record: C_FEATURE:1c_restrict
    Feature record: C_FEATURE:1c_static_assert
    Feature record: C_FEATURE:1c_variadic_macros


Detecting C [-std=c99] compiler features compiled with the following output:
Change Dir: /home/zhongjihao/workspace/AVMediaCodecMP4/app/.externalNativeBuild/cmake/release/armeabi-v7a/CMakeFiles/CMakeTmp

Run Build Command:"/home/zhongjihao/android-sdk-linux/Sdk/cmake/3.6.4111459/bin/ninja" "cmTC_e2b05"
[1/2] Building C object CMakeFiles/cmTC_e2b05.dir/feature_tests.c.o
[2/2] Linking C executable cmTC_e2b05


    Feature record: C_FEATURE:1c_function_prototypes
    Feature record: C_FEATURE:1c_restrict
    Feature record: C_FEATURE:0c_static_assert
    Feature record: C_FEATURE:1c_variadic_macros


Detecting C [-std=c90] compiler features compiled with the following output:
Change Dir: /home/zhongjihao/workspace/AVMediaCodecMP4/app/.externalNativeBuild/cmake/release/armeabi-v7a/CMakeFiles/CMakeTmp

Run Build Command:"/home/zhongjihao/android-sdk-linux/Sdk/cmake/3.6.4111459/bin/ninja" "cmTC_ae06c"
[1/2] Building C object CMakeFiles/cmTC_ae06c.dir/feature_tests.c.o
[2/2] Linking C executable cmTC_ae06c


    Feature record: C_FEATURE:1c_function_prototypes
    Feature record: C_FEATURE:0c_restrict
    Feature record: C_FEATURE:0c_static_assert
    Feature record: C_FEATURE:0c_variadic_macros
Determining if the CXX compiler works passed with the following output:
Change Dir: /home/zhongjihao/workspace/AVMediaCodecMP4/app/.externalNativeBuild/cmake/release/armeabi-v7a/CMakeFiles/CMakeTmp

Run Build Command:"/home/zhongjihao/android-sdk-linux/Sdk/cmake/3.6.4111459/bin/ninja" "cmTC_aef6e"
[1/2] Building CXX object CMakeFiles/cmTC_aef6e.dir/testCXXCompiler.cxx.o
[2/2] Linking CXX executable cmTC_aef6e


Detecting CXX compiler ABI info compiled with the following output:
Change Dir: /home/zhongjihao/workspace/AVMediaCodecMP4/app/.externalNativeBuild/cmake/release/armeabi-v7a/CMakeFiles/CMakeTmp

Run Build Command:"/home/zhongjihao/android-sdk-linux/Sdk/cmake/3.6.4111459/bin/ninja" "cmTC_84456"
[1/2] Building CXX object CMakeFiles/cmTC_84456.dir/CMakeCXXCompilerABI.cpp.o
[2/2] Linking CXX executable cmTC_84456
Android clang version 5.0.300080  (based on LLVM 5.0.300080)
Target: armv7-none-linux-android
Thread model: posix
InstalledDir: /home/zhongjihao/android-sdk-linux/Sdk/ndk-bundle/toolchains/llvm/prebuilt/linux-x86_64/bin
Found candidate GCC installation: /home/zhongjihao/android-sdk-linux/Sdk/ndk-bundle/toolchains/arm-linux-androideabi-4.9/prebuilt/linux-x86_64/lib/gcc/arm-linux-androideabi/4.9.x
Selected GCC installation: /home/zhongjihao/android-sdk-linux/Sdk/ndk-bundle/toolchains/arm-linux-androideabi-4.9/prebuilt/linux-x86_64/lib/gcc/arm-linux-androideabi/4.9.x
Candidate multilib: thumb;@thumb
Candidate multilib: armv7-a;@armv7
Candidate multilib: armv7-a/thumb;@armv7@thumb
Candidate multilib: .;
Selected multilib: armv7-a/thumb;@armv7@thumb
 "/home/zhongjihao/android-sdk-linux/Sdk/ndk-bundle/toolchains/arm-linux-androideabi-4.9/prebuilt/linux-x86_64/lib/gcc/arm-linux-androideabi/4.9.x/../../../../arm-linux-androideabi/bin/ld" --sysroot=/home/zhongjihao/android-sdk-linux/Sdk/ndk-bundle/platforms/android-18/arch-arm -pie -z relro -X --eh-frame-hdr -m armelf_linux_eabi -dynamic-linker /system/bin/linker -o cmTC_84456 /home/zhongjihao/android-sdk-linux/Sdk/ndk-bundle/platforms/android-18/arch-arm/usr/lib/../lib/crtbegin_dynamic.o -L/home/zhongjihao/android-sdk-linux/Sdk/ndk-bundle/toolchains/llvm/prebuilt/linux-x86_64/lib64/clang/5.0.300080/lib/linux/arm -L/home/zhongjihao/android-sdk-linux/Sdk/ndk-bundle/toolchains/arm-linux-androideabi-4.9/prebuilt/linux-x86_64/lib/gcc/arm-linux-androideabi/4.9.x/armv7-a/thumb -L/home/zhongjihao/android-sdk-linux/Sdk/ndk-bundle/toolchains/arm-linux-androideabi-4.9/prebuilt/linux-x86_64/lib/gcc/arm-linux-androideabi/4.9.x/../../../../arm-linux-androideabi/lib/../lib/armv7-a/thumb -L/home/zhongjihao/android-sdk-linux/Sdk/ndk-bundle/platforms/android-18/arch-arm/usr/lib/../lib -L/home/zhongjihao/android-sdk-linux/Sdk/ndk-bundle/toolchains/arm-linux-androideabi-4.9/prebuilt/linux-x86_64/lib/gcc/arm-linux-androideabi/4.9.x/../../../../arm-linux-androideabi/lib/armv7-a/thumb -L/home/zhongjihao/android-sdk-linux/Sdk/ndk-bundle/platforms/android-18/arch-arm/usr/lib --exclude-libs libgcc.a --exclude-libs libatomic.a --build-id --warn-shared-textrel --fatal-warnings --fix-cortex-a8 --no-undefined -z noexecstack -z relro -z now --gc-sections -z nocopyreloc CMakeFiles/cmTC_84456.dir/CMakeCXXCompilerABI.cpp.o -lstdc++ -lm -lgcc -lgcc -ldl -lc -lgcc -lgcc -ldl /home/zhongjihao/android-sdk-linux/Sdk/ndk-bundle/platforms/android-18/arch-arm/usr/lib/../lib/crtend_android.o


Parsed CXX implicit link information from above output:
  link line regex: [^( *|.*[/\])(arm-linux-androideabi-ld|([^/\]+-)?ld|collect2)[^/\]*( |$)]
  ignore line: [Change Dir: /home/zhongjihao/workspace/AVMediaCodecMP4/app/.externalNativeBuild/cmake/release/armeabi-v7a/CMakeFiles/CMakeTmp]
  ignore line: []
  ignore line: [Run Build Command:"/home/zhongjihao/android-sdk-linux/Sdk/cmake/3.6.4111459/bin/ninja" "cmTC_84456"]
  ignore line: [[1/2] Building CXX object CMakeFiles/cmTC_84456.dir/CMakeCXXCompilerABI.cpp.o]
  ignore line: [[2/2] Linking CXX executable cmTC_84456]
  ignore line: [Android clang version 5.0.300080  (based on LLVM 5.0.300080)]
  ignore line: [Target: armv7-none-linux-android]
  ignore line: [Thread model: posix]
  ignore line: [InstalledDir: /home/zhongjihao/android-sdk-linux/Sdk/ndk-bundle/toolchains/llvm/prebuilt/linux-x86_64/bin]
  ignore line: [Found candidate GCC installation: /home/zhongjihao/android-sdk-linux/Sdk/ndk-bundle/toolchains/arm-linux-androideabi-4.9/prebuilt/linux-x86_64/lib/gcc/arm-linux-androideabi/4.9.x]
  ignore line: [Selected GCC installation: /home/zhongjihao/android-sdk-linux/Sdk/ndk-bundle/toolchains/arm-linux-androideabi-4.9/prebuilt/linux-x86_64/lib/gcc/arm-linux-androideabi/4.9.x]
  ignore line: [Candidate multilib: thumb]
  ignore line: [@thumb]
  ignore line: [Candidate multilib: armv7-a]
  ignore line: [@armv7]
  ignore line: [Candidate multilib: armv7-a/thumb]
  ignore line: [@armv7@thumb]
  ignore line: [Candidate multilib: .]
  ignore line: []
  ignore line: [Selected multilib: armv7-a/thumb]
  ignore line: [@armv7@thumb]
  link line: [ "/home/zhongjihao/android-sdk-linux/Sdk/ndk-bundle/toolchains/arm-linux-androideabi-4.9/prebuilt/linux-x86_64/lib/gcc/arm-linux-androideabi/4.9.x/../../../../arm-linux-androideabi/bin/ld" --sysroot=/home/zhongjihao/android-sdk-linux/Sdk/ndk-bundle/platforms/android-18/arch-arm -pie -z relro -X --eh-frame-hdr -m armelf_linux_eabi -dynamic-linker /system/bin/linker -o cmTC_84456 /home/zhongjihao/android-sdk-linux/Sdk/ndk-bundle/platforms/android-18/arch-arm/usr/lib/../lib/crtbegin_dynamic.o -L/home/zhongjihao/android-sdk-linux/Sdk/ndk-bundle/toolchains/llvm/prebuilt/linux-x86_64/lib64/clang/5.0.300080/lib/linux/arm -L/home/zhongjihao/android-sdk-linux/Sdk/ndk-bundle/toolchains/arm-linux-androideabi-4.9/prebuilt/linux-x86_64/lib/gcc/arm-linux-androideabi/4.9.x/armv7-a/thumb -L/home/zhongjihao/android-sdk-linux/Sdk/ndk-bundle/toolchains/arm-linux-androideabi-4.9/prebuilt/linux-x86_64/lib/gcc/arm-linux-androideabi/4.9.x/../../../../arm-linux-androideabi/lib/../lib/armv7-a/thumb -L/home/zhongjihao/android-sdk-linux/Sdk/ndk-bundle/platforms/android-18/arch-arm/usr/lib/../lib -L/home/zhongjihao/android-sdk-linux/Sdk/ndk-bundle/toolchains/arm-linux-androideabi-4.9/prebuilt/linux-x86_64/lib/gcc/arm-linux-androideabi/4.9.x/../../../../arm-linux-androideabi/lib/armv7-a/thumb -L/home/zhongjihao/android-sdk-linux/Sdk/ndk-bundle/platforms/android-18/arch-arm/usr/lib --exclude-libs libgcc.a --exclude-libs libatomic.a --build-id --warn-shared-textrel --fatal-warnings --fix-cortex-a8 --no-undefined -z noexecstack -z relro -z now --gc-sections -z nocopyreloc CMakeFiles/cmTC_84456.dir/CMakeCXXCompilerABI.cpp.o -lstdc++ -lm -lgcc -lgcc -ldl -lc -lgcc -lgcc -ldl /home/zhongjihao/android-sdk-linux/Sdk/ndk-bundle/platforms/android-18/arch-arm/usr/lib/../lib/crtend_android.o]
    arg [/home/zhongjihao/android-sdk-linux/Sdk/ndk-bundle/toolchains/arm-linux-androideabi-4.9/prebuilt/linux-x86_64/lib/gcc/arm-linux-androideabi/4.9.x/../../../../arm-linux-androideabi/bin/ld] ==> ignore
    arg [--sysroot=/home/zhongjihao/android-sdk-linux/Sdk/ndk-bundle/platforms/android-18/arch-arm] ==> ignore
    arg [-pie] ==> ignore
    arg [-zrelro] ==> ignore
    arg [-X] ==> ignore
    arg [--eh-frame-hdr] ==> ignore
    arg [-m] ==> ignore
    arg [armelf_linux_eabi] ==> ignore
    arg [-dynamic-linker] ==> ignore
    arg [/system/bin/linker] ==> ignore
    arg [-o] ==> ignore
    arg [cmTC_84456] ==> ignore
    arg [/home/zhongjihao/android-sdk-linux/Sdk/ndk-bundle/platforms/android-18/arch-arm/usr/lib/../lib/crtbegin_dynamic.o] ==> ignore
    arg [-L/home/zhongjihao/android-sdk-linux/Sdk/ndk-bundle/toolchains/llvm/prebuilt/linux-x86_64/lib64/clang/5.0.300080/lib/linux/arm] ==> dir [/home/zhongjihao/android-sdk-linux/Sdk/ndk-bundle/toolchains/llvm/prebuilt/linux-x86_64/lib64/clang/5.0.300080/lib/linux/arm]
    arg [-L/home/zhongjihao/android-sdk-linux/Sdk/ndk-bundle/toolchains/arm-linux-androideabi-4.9/prebuilt/linux-x86_64/lib/gcc/arm-linux-androideabi/4.9.x/armv7-a/thumb] ==> dir [/home/zhongjihao/android-sdk-linux/Sdk/ndk-bundle/toolchains/arm-linux-androideabi-4.9/prebuilt/linux-x86_64/lib/gcc/arm-linux-androideabi/4.9.x/armv7-a/thumb]
    arg [-L/home/zhongjihao/android-sdk-linux/Sdk/ndk-bundle/toolchains/arm-linux-androideabi-4.9/prebuilt/linux-x86_64/lib/gcc/arm-linux-androideabi/4.9.x/../../../../arm-linux-androideabi/lib/../lib/armv7-a/thumb] ==> dir [/home/zhongjihao/android-sdk-linux/Sdk/ndk-bundle/toolchains/arm-linux-androideabi-4.9/prebuilt/linux-x86_64/lib/gcc/arm-linux-androideabi/4.9.x/../../../../arm-linux-androideabi/lib/../lib/armv7-a/thumb]
    arg [-L/home/zhongjihao/android-sdk-linux/Sdk/ndk-bundle/platforms/android-18/arch-arm/usr/lib/../lib] ==> dir [/home/zhongjihao/android-sdk-linux/Sdk/ndk-bundle/platforms/android-18/arch-arm/usr/lib/../lib]
    arg [-L/home/zhongjihao/android-sdk-linux/Sdk/ndk-bundle/toolchains/arm-linux-androideabi-4.9/prebuilt/linux-x86_64/lib/gcc/arm-linux-androideabi/4.9.x/../../../../arm-linux-androideabi/lib/armv7-a/thumb] ==> dir [/home/zhongjihao/android-sdk-linux/Sdk/ndk-bundle/toolchains/arm-linux-androideabi-4.9/prebuilt/linux-x86_64/lib/gcc/arm-linux-androideabi/4.9.x/../../../../arm-linux-androideabi/lib/armv7-a/thumb]
    arg [-L/home/zhongjihao/android-sdk-linux/Sdk/ndk-bundle/platforms/android-18/arch-arm/usr/lib] ==> dir [/home/zhongjihao/android-sdk-linux/Sdk/ndk-bundle/platforms/android-18/arch-arm/usr/lib]
    arg [--exclude-libs] ==> ignore
    arg [libgcc.a] ==> ignore
    arg [--exclude-libs] ==> ignore
    arg [libatomic.a] ==> ignore
    arg [--build-id] ==> ignore
    arg [--warn-shared-textrel] ==> ignore
    arg [--fatal-warnings] ==> ignore
    arg [--fix-cortex-a8] ==> ignore
    arg [--no-undefined] ==> ignore
    arg [-znoexecstack] ==> ignore
    arg [-zrelro] ==> ignore
    arg [-znow] ==> ignore
    arg [--gc-sections] ==> ignore
    arg [-znocopyreloc] ==> ignore
    arg [CMakeFiles/cmTC_84456.dir/CMakeCXXCompilerABI.cpp.o] ==> ignore
    arg [-lstdc++] ==> lib [stdc++]
    arg [-lm] ==> lib [m]
    arg [-lgcc] ==> lib [gcc]
    arg [-lgcc] ==> lib [gcc]
    arg [-ldl] ==> lib [dl]
    arg [-lc] ==> lib [c]
    arg [-lgcc] ==> lib [gcc]
    arg [-lgcc] ==> lib [gcc]
    arg [-ldl] ==> lib [dl]
    arg [/home/zhongjihao/android-sdk-linux/Sdk/ndk-bundle/platforms/android-18/arch-arm/usr/lib/../lib/crtend_android.o] ==> ignore
  remove lib [gcc]
  remove lib [gcc]
  remove lib [gcc]
  remove lib [gcc]
  collapse library dir [/home/zhongjihao/android-sdk-linux/Sdk/ndk-bundle/toolchains/llvm/prebuilt/linux-x86_64/lib64/clang/5.0.300080/lib/linux/arm] ==> [/home/zhongjihao/android-sdk-linux/Sdk/ndk-bundle/toolchains/llvm/prebuilt/linux-x86_64/lib64/clang/5.0.300080/lib/linux/arm]
  collapse library dir [/home/zhongjihao/android-sdk-linux/Sdk/ndk-bundle/toolchains/arm-linux-androideabi-4.9/prebuilt/linux-x86_64/lib/gcc/arm-linux-androideabi/4.9.x/armv7-a/thumb] ==> [/home/zhongjihao/android-sdk-linux/Sdk/ndk-bundle/toolchains/arm-linux-androideabi-4.9/prebuilt/linux-x86_64/lib/gcc/arm-linux-androideabi/4.9.x/armv7-a/thumb]
  collapse library dir [/home/zhongjihao/android-sdk-linux/Sdk/ndk-bundle/toolchains/arm-linux-androideabi-4.9/prebuilt/linux-x86_64/lib/gcc/arm-linux-androideabi/4.9.x/../../../../arm-linux-androideabi/lib/../lib/armv7-a/thumb] ==> [/home/zhongjihao/android-sdk-linux/Sdk/ndk-bundle/toolchains/arm-linux-androideabi-4.9/prebuilt/linux-x86_64/arm-linux-androideabi/lib/armv7-a/thumb]
  collapse library dir [/home/zhongjihao/android-sdk-linux/Sdk/ndk-bundle/platforms/android-18/arch-arm/usr/lib/../lib] ==> [/home/zhongjihao/android-sdk-linux/Sdk/ndk-bundle/platforms/android-18/arch-arm/usr/lib]
  collapse library dir [/home/zhongjihao/android-sdk-linux/Sdk/ndk-bundle/toolchains/arm-linux-androideabi-4.9/prebuilt/linux-x86_64/lib/gcc/arm-linux-androideabi/4.9.x/../../../../arm-linux-androideabi/lib/armv7-a/thumb] ==> [/home/zhongjihao/android-sdk-linux/Sdk/ndk-bundle/toolchains/arm-linux-androideabi-4.9/prebuilt/linux-x86_64/arm-linux-androideabi/lib/armv7-a/thumb]
  collapse library dir [/home/zhongjihao/android-sdk-linux/Sdk/ndk-bundle/platforms/android-18/arch-arm/usr/lib] ==> [/home/zhongjihao/android-sdk-linux/Sdk/ndk-bundle/platforms/android-18/arch-arm/usr/lib]
  implicit libs: [stdc++;m;dl;c;dl]
  implicit dirs: [/home/zhongjihao/android-sdk-linux/Sdk/ndk-bundle/toolchains/llvm/prebuilt/linux-x86_64/lib64/clang/5.0.300080/lib/linux/arm;/home/zhongjihao/android-sdk-linux/Sdk/ndk-bundle/toolchains/arm-linux-androideabi-4.9/prebuilt/linux-x86_64/lib/gcc/arm-linux-androideabi/4.9.x/armv7-a/thumb;/home/zhongjihao/android-sdk-linux/Sdk/ndk-bundle/toolchains/arm-linux-androideabi-4.9/prebuilt/linux-x86_64/arm-linux-androideabi/lib/armv7-a/thumb;/home/zhongjihao/android-sdk-linux/Sdk/ndk-bundle/platforms/android-18/arch-arm/usr/lib]
  implicit fwks: []




Detecting CXX [-std=c++14] compiler features compiled with the following output:
Change Dir: /home/zhongjihao/workspace/AVMediaCodecMP4/app/.externalNativeBuild/cmake/release/armeabi-v7a/CMakeFiles/CMakeTmp

Run Build Command:"/home/zhongjihao/android-sdk-linux/Sdk/cmake/3.6.4111459/bin/ninja" "cmTC_2d27e"
[1/2] Building CXX object CMakeFiles/cmTC_2d27e.dir/feature_tests.cxx.o
[2/2] Linking CXX executable cmTC_2d27e


    Feature record: CXX_FEATURE:1cxx_aggregate_default_initializers
    Feature record: CXX_FEATURE:1cxx_alias_templates
    Feature record: CXX_FEATURE:1cxx_alignas
    Feature record: CXX_FEATURE:1cxx_alignof
    Feature record: CXX_FEATURE:1cxx_attributes
    Feature record: CXX_FEATURE:1cxx_attribute_deprecated
    Feature record: CXX_FEATURE:1cxx_auto_type
    Feature record: CXX_FEATURE:1cxx_binary_literals
    Feature record: CXX_FEATURE:1cxx_constexpr
    Feature record: CXX_FEATURE:1cxx_contextual_conversions
    Feature record: CXX_FEATURE:1cxx_decltype
    Feature record: CXX_FEATURE:1cxx_decltype_auto
    Feature record: CXX_FEATURE:1cxx_decltype_incomplete_return_types
    Feature record: CXX_FEATURE:1cxx_default_function_template_args
    Feature record: CXX_FEATURE:1cxx_defaulted_functions
    Feature record: CXX_FEATURE:1cxx_defaulted_move_initializers
    Feature record: CXX_FEATURE:1cxx_delegating_constructors
    Feature record: CXX_FEATURE:1cxx_deleted_functions
    Feature record: CXX_FEATURE:1cxx_digit_separators
    Feature record: CXX_FEATURE:1cxx_enum_forward_declarations
    Feature record: CXX_FEATURE:1cxx_explicit_conversions
    Feature record: CXX_FEATURE:1cxx_extended_friend_declarations
    Feature record: CXX_FEATURE:1cxx_extern_templates
    Feature record: CXX_FEATURE:1cxx_final
    Feature record: CXX_FEATURE:1cxx_func_identifier
    Feature record: CXX_FEATURE:1cxx_generalized_initializers
    Feature record: CXX_FEATURE:1cxx_generic_lambdas
    Feature record: CXX_FEATURE:1cxx_inheriting_constructors
    Feature record: CXX_FEATURE:1cxx_inline_namespaces
    Feature record: CXX_FEATURE:1cxx_lambdas
    Feature record: CXX_FEATURE:1cxx_lambda_init_captures
    Feature record: CXX_FEATURE:1cxx_local_type_template_args
    Feature record: CXX_FEATURE:1cxx_long_long_type
    Feature record: CXX_FEATURE:1cxx_noexcept
    Feature record: CXX_FEATURE:1cxx_nonstatic_member_init
    Feature record: CXX_FEATURE:1cxx_nullptr
    Feature record: CXX_FEATURE:1cxx_override
    Feature record: CXX_FEATURE:1cxx_range_for
    Feature record: CXX_FEATURE:1cxx_raw_string_literals
    Feature record: CXX_FEATURE:1cxx_reference_qualified_functions
    Feature record: CXX_FEATURE:1cxx_relaxed_constexpr
    Feature record: CXX_FEATURE:1cxx_return_type_deduction
    Feature record: CXX_FEATURE:1cxx_right_angle_brackets
    Feature record: CXX_FEATURE:1cxx_rvalue_references
    Feature record: CXX_FEATURE:1cxx_sizeof_member
    Feature record: CXX_FEATURE:1cxx_static_assert
    Feature record: CXX_FEATURE:1cxx_strong_enums
    Feature record: CXX_FEATURE:1cxx_template_template_parameters
    Feature record: CXX_FEATURE:1cxx_thread_local
    Feature record: CXX_FEATURE:1cxx_trailing_return_types
    Feature record: CXX_FEATURE:1cxx_unicode_literals
    Feature record: CXX_FEATURE:1cxx_uniform_initialization
    Feature record: CXX_FEATURE:1cxx_unrestricted_unions
    Feature record: CXX_FEATURE:1cxx_user_literals
    Feature record: CXX_FEATURE:1cxx_variable_templates
    Feature record: CXX_FEATURE:1cxx_variadic_macros
    Feature record: CXX_FEATURE:1cxx_variadic_templates


Detecting CXX [-std=c++11] compiler features compiled with the following output:
Change Dir: /home/zhongjihao/workspace/AVMediaCodecMP4/app/.externalNativeBuild/cmake/release/armeabi-v7a/CMakeFiles/CMakeTmp

Run Build Command:"/home/zhongjihao/android-sdk-linux/Sdk/cmake/3.6.4111459/bin/ninja" "cmTC_eeb55"
[1/2] Building CXX object CMakeFiles/cmTC_eeb55.dir/feature_tests.cxx.o
[2/2] Linking CXX executable cmTC_eeb55


    Feature record: CXX_FEATURE:0cxx_aggregate_default_initializers
    Feature record: CXX_FEATURE:1cxx_alias_templates
    Feature record: CXX_FEATURE:1cxx_alignas
    Feature record: CXX_FEATURE:1cxx_alignof
    Feature record: CXX_FEATURE:1cxx_attributes
    Feature record: CXX_FEATURE:0cxx_attribute_deprecated
    Feature record: CXX_FEATURE:1cxx_auto_type
    Feature record: CXX_FEATURE:0cxx_binary_literals
    Feature record: CXX_FEATURE:1cxx_constexpr
    Feature record: CXX_FEATURE:0cxx_contextual_conversions
    Feature record: CXX_FEATURE:1cxx_decltype
    Feature record: CXX_FEATURE:0cxx_decltype_auto
    Feature record: CXX_FEATURE:1cxx_decltype_incomplete_return_types
    Feature record: CXX_FEATURE:1cxx_default_function_template_args
    Feature record: CXX_FEATURE:1cxx_defaulted_functions
    Feature record: CXX_FEATURE:1cxx_defaulted_move_initializers
    Feature record: CXX_FEATURE:1cxx_delegating_constructors
    Feature record: CXX_FEATURE:1cxx_deleted_functions
    Feature record: CXX_FEATURE:0cxx_digit_separators
    Feature record: CXX_FEATURE:1cxx_enum_forward_declarations
    Feature record: CXX_FEATURE:1cxx_explicit_conversions
    Feature record: CXX_FEATURE:1cxx_extended_friend_declarations
    Feature record: CXX_FEATURE:1cxx_extern_templates
    Feature record: CXX_FEATURE:1cxx_final
    Feature record: CXX_FEATURE:1cxx_func_identifier
    Feature record: CXX_FEATURE:1cxx_generalized_initializers
    Feature record: CXX_FEATURE:0cxx_generic_lambdas
    Feature record: CXX_FEATURE:1cxx_inheriting_constructors
    Feature record: CXX_FEATURE:1cxx_inline_namespaces
    Feature record: CXX_FEATURE:1cxx_lambdas
    Feature record: CXX_FEATURE:0cxx_lambda_init_captures
    Feature record: CXX_FEATURE:1cxx_local_type_template_args
    Feature record: CXX_FEATURE:1cxx_long_long_type
    Feature record: CXX_FEATURE:1cxx_noexcept
    Feature record: CXX_FEATURE:1cxx_nonstatic_member_init
    Feature record: CXX_FEATURE:1cxx_nullptr
    Feature record: CXX_FEATURE:1cxx_override
    Feature record: CXX_FEATURE:1cxx_range_for
    Feature record: CXX_FEATURE:1cxx_raw_string_literals
    Feature record: CXX_FEATURE:1cxx_reference_qualified_functions
    Feature record: CXX_FEATURE:0cxx_relaxed_constexpr
    Feature record: CXX_FEATURE:0cxx_return_type_deduction
    Feature record: CXX_FEATURE:1cxx_right_angle_brackets
    Feature record: CXX_FEATURE:1cxx_rvalue_references
    Feature record: CXX_FEATURE:1cxx_sizeof_member
    Feature record: CXX_FEATURE:1cxx_static_assert
    Feature record: CXX_FEATURE:1cxx_strong_enums
    Feature record: CXX_FEATURE:1cxx_template_template_parameters
    Feature record: CXX_FEATURE:1cxx_thread_local
    Feature record: CXX_FEATURE:1cxx_trailing_return_types
    Feature record: CXX_FEATURE:1cxx_unicode_literals
    Feature record: CXX_FEATURE:1cxx_uniform_initialization
    Feature record: CXX_FEATURE:1cxx_unrestricted_unions
    Feature record: CXX_FEATURE:1cxx_user_literals
    Feature record: CXX_FEATURE:0cxx_variable_templates
    Feature record: CXX_FEATURE:1cxx_variadic_macros
    Feature record: CXX_FEATURE:1cxx_variadic_templates


Detecting CXX [-std=c++98] compiler features compiled with the following output:
Change Dir: /home/zhongjihao/workspace/AVMediaCodecMP4/app/.externalNativeBuild/cmake/release/armeabi-v7a/CMakeFiles/CMakeTmp

Run Build Command:"/home/zhongjihao/android-sdk-linux/Sdk/cmake/3.6.4111459/bin/ninja" "cmTC_b66e0"
[1/2] Building CXX object CMakeFiles/cmTC_b66e0.dir/feature_tests.cxx.o
[2/2] Linking CXX executable cmTC_b66e0


    Feature record: CXX_FEATURE:0cxx_aggregate_default_initializers
    Feature record: CXX_FEATURE:0cxx_alias_templates
    Feature record: CXX_FEATURE:0cxx_alignas
    Feature record: CXX_FEATURE:0cxx_alignof
    Feature record: CXX_FEATURE:0cxx_attributes
    Feature record: CXX_FEATURE:0cxx_attribute_deprecated
    Feature record: CXX_FEATURE:0cxx_auto_type
    Feature record: CXX_FEATURE:0cxx_binary_literals
    Feature record: CXX_FEATURE:0cxx_constexpr
    Feature record: CXX_FEATURE:0cxx_contextual_conversions
    Feature record: CXX_FEATURE:0cxx_decltype
    Feature record: CXX_FEATURE:0cxx_decltype_auto
    Feature record: CXX_FEATURE:0cxx_decltype_incomplete_return_types
    Feature record: CXX_FEATURE:0cxx_default_function_template_args
    Feature record: CXX_FEATURE:0cxx_defaulted_functions
    Feature record: CXX_FEATURE:0cxx_defaulted_move_initializers
    Feature record: CXX_FEATURE:0cxx_delegating_constructors
    Feature record: CXX_FEATURE:0cxx_deleted_functions
    Feature record: CXX_FEATURE:0cxx_digit_separators
    Feature record: CXX_FEATURE:0cxx_enum_forward_declarations
    Feature record: CXX_FEATURE:0cxx_explicit_conversions
    Feature record: CXX_FEATURE:0cxx_extended_friend_declarations
    Feature record: CXX_FEATURE:0cxx_extern_templates
    Feature record: CXX_FEATURE:0cxx_final
    Feature record: CXX_FEATURE:0cxx_func_identifier
    Feature record: CXX_FEATURE:0cxx_generalized_initializers
    Feature record: CXX_FEATURE:0cxx_generic_lambdas
    Feature record: CXX_FEATURE:0cxx_inheriting_constructors
    Feature record: CXX_FEATURE:0cxx_inline_namespaces
    Feature record: CXX_FEATURE:0cxx_lambdas
    Feature record: CXX_FEATURE:0cxx_lambda_init_captures
    Feature record: CXX_FEATURE:0cxx_local_type_template_args
    Feature record: CXX_FEATURE:0cxx_long_long_type
    Feature record: CXX_FEATURE:0cxx_noexcept
    Feature record: CXX_FEATURE:0cxx_nonstatic_member_init
    Feature record: CXX_FEATURE:0cxx_nullptr
    Feature record: CXX_FEATURE:0cxx_override
    Feature record: CXX_FEATURE:0cxx_range_for
    Feature record: CXX_FEATURE:0cxx_raw_string_literals
    Feature record: CXX_FEATURE:0cxx_reference_qualified_functions
    Feature record: CXX_FEATURE:0cxx_relaxed_constexpr
    Feature record: CXX_FEATURE:0cxx_return_type_deduction
    Feature record: CXX_FEATURE:0cxx_right_angle_brackets
    Feature record: CXX_FEATURE:0cxx_rvalue_references
    Feature record: CXX_FEATURE:0cxx_sizeof_member
    Feature record: CXX_FEATURE:0cxx_static_assert
    Feature record: CXX_FEATURE:0cxx_strong_enums
    Feature record: CXX_FEATURE:1cxx_template_template_parameters
    Feature record: CXX_FEATURE:0cxx_thread_local
    Feature record: CXX_FEATURE:0cxx_trailing_return_types
    Feature record: CXX_FEATURE:0cxx_unicode_literals
    Feature record: CXX_FEATURE:0cxx_uniform_initialization
    Feature record: CXX_FEATURE:0cxx_unrestricted_unions
    Feature record: CXX_FEATURE:0cxx_user_literals
    Feature record: CXX_FEATURE:0cxx_variable_templates
    Feature record: CXX_FEATURE:0cxx_variadic_macros
    Feature record: CXX_FEATURE:0cxx_variadic_templates
